INFO:root:1 rr File 1776720285 2017-04-07 21:59:27 0 Bytes 
2 12345 File 1767130092 2017-04-07 23:30:43 6 Bytes 
3 123 File 1777403788 2017-04-08 01:23:53 0 Bytes 

INFO:root:Removing 222 to trash
INFO:root:Removing zzz to trash
INFO:root:Removing w to trash
INFO:root:Removing v to trash
INFO:root:Removing f to trash
INFO:root:Removing j to trash
INFO:root:Removing v to trash
INFO:root:Removing kk to trash
INFO:root:Removing m to trash
ERROR:root:Error:m is not exist
INFO:root:Removing cc to trash
INFO:root:Removing dima to trash
2017-04-08 08:08:53,116 [MainThread  ] [INFO ]  Removing dima to trash
INFO:root:Removing 123 to trash
INFO:root:Removing mm to trash
INFO:root:Removing vbv to trash
INFO:root:Removing ww to trash
2017-04-08 08:20:52,120[MainThread  ][INFO ] Removing ww to trash
INFO:root:Removing mom to trash
2017-04-08 08:52:44,850[MainThread  ][INFO ] Removing mom to trash
INFO:root:Removing kok to trash
INFO:root:Removing iii to trash
INFO:root:Removing ttt to trash
INFO:root:1 rr File 1776720285 2017-04-07 21:59:27 0 Bytes 
2 12345 File 1767130092 2017-04-07 23:30:43 6 Bytes 
3 123 File 1777403788 2017-04-08 01:23:53 0 Bytes 
4 o File 1766685590 2017-04-08 02:20:08 0 Bytes 
5 po File 1775319037 2017-04-08 02:20:42 0 Bytes 
6 b File 1765293494 2017-04-08 02:21:11 0 Bytes 
7 j File 1761073965 2017-04-08 02:23:12 0 Bytes 
8 qwe File 1772045430 2017-04-08 02:24:15 0 Bytes 
9 m File 1775475953 2017-04-08 02:24:48 0 Bytes 
10 wsx File 1778199549 2017-04-08 02:25:56 0 Bytes 
11 222 File 1776922586 2017-04-08 07:32:26 0 Bytes 
12 zzz File 1774903645 2017-04-08 07:47:13 0 Bytes 
13 w File 1763160571 2017-04-08 07:47:55 0 Bytes 
14 v File 1763039118 2017-04-08 07:48:46 0 Bytes 
15 f File 1769607091 2017-04-08 08:00:28 0 Bytes 
16 j File 1771467711 2017-04-08 08:01:21 0 Bytes 
17 i File 1762022221 2017-04-08 08:01:43 0 Bytes 
18 v File 1765925398 2017-04-08 08:03:54 0 Bytes 
19 kk File 1767616305 2017-04-08 08:05:19 0 Bytes 
20 m File 1765234406 2017-04-08 08:07:29 0 Bytes 
21 cc File 1769337437 2017-04-08 08:08:25 0 Bytes 
22 dima File 1772748716 2017-04-08 08:08:50 0 Bytes 
23 123 File 1773666410 2017-04-08 08:11:14 0 Bytes 
24 mm File 1770219891 2017-04-08 08:13:31 0 Bytes 
25 vbv File 1762551303 2017-04-08 08:17:05 0 Bytes 
26 ww File 1768128836 2017-04-08 08:20:48 0 Bytes 
27 mom File 1770998073 2017-04-08 08:52:39 0 Bytes 
28 kok File 1761781741 2017-04-08 08:53:17 0 Bytes 
29 iii File 1763155360 2017-04-08 10:41:58 0 Bytes 
30 ttt File 1773975414 2017-04-08 10:55:47 0 Bytes 

INFO:root:Removing name1 to trash
INFO:root:Removing name10 to trash
INFO:root:Removing name11 to trash
INFO:root:Removing name12 to trash
INFO:root:Removing name13 to trash
INFO:root:Removing name14 to trash
INFO:root:Removing name15 to trash
INFO:root:Removing name16 to trash
INFO:root:Removing name17 to trash
INFO:root:Removing name18 to trash
INFO:root:Removing name19 to trash
INFO:root:Removing name2 to trash
INFO:root:Removing name20 to trash
INFO:root:Removing name3 to trash
INFO:root:Removing name4 to trash
INFO:root:Removing name5 to trash
INFO:root:Removing name6 to trash
INFO:root:Removing name7 to trash
INFO:root:Removing name8 to trash
INFO:root:Removing name9 to trash
INFO:root:1 rr File 1776720285 2017-04-07 21:59:27 0 Bytes 
2 12345 File 1767130092 2017-04-07 23:30:43 6 Bytes 
3 123 File 1777403788 2017-04-08 01:23:53 0 Bytes 
4 o File 1766685590 2017-04-08 02:20:08 0 Bytes 
5 po File 1775319037 2017-04-08 02:20:42 0 Bytes 
6 b File 1765293494 2017-04-08 02:21:11 0 Bytes 
7 j File 1761073965 2017-04-08 02:23:12 0 Bytes 
8 qwe File 1772045430 2017-04-08 02:24:15 0 Bytes 
9 m File 1775475953 2017-04-08 02:24:48 0 Bytes 
10 wsx File 1778199549 2017-04-08 02:25:56 0 Bytes 
11 222 File 1776922586 2017-04-08 07:32:26 0 Bytes 
12 zzz File 1774903645 2017-04-08 07:47:13 0 Bytes 
13 w File 1763160571 2017-04-08 07:47:55 0 Bytes 
14 v File 1763039118 2017-04-08 07:48:46 0 Bytes 
15 f File 1769607091 2017-04-08 08:00:28 0 Bytes 
16 j File 1771467711 2017-04-08 08:01:21 0 Bytes 
17 i File 1762022221 2017-04-08 08:01:43 0 Bytes 
18 v File 1765925398 2017-04-08 08:03:54 0 Bytes 
19 kk File 1767616305 2017-04-08 08:05:19 0 Bytes 
20 m File 1765234406 2017-04-08 08:07:29 0 Bytes 
21 cc File 1769337437 2017-04-08 08:08:25 0 Bytes 
22 dima File 1772748716 2017-04-08 08:08:50 0 Bytes 
23 123 File 1773666410 2017-04-08 08:11:14 0 Bytes 
24 mm File 1770219891 2017-04-08 08:13:31 0 Bytes 
25 vbv File 1762551303 2017-04-08 08:17:05 0 Bytes 
26 ww File 1768128836 2017-04-08 08:20:48 0 Bytes 
27 mom File 1770998073 2017-04-08 08:52:39 0 Bytes 
28 kok File 1761781741 2017-04-08 08:53:17 0 Bytes 
29 iii File 1763155360 2017-04-08 10:41:58 0 Bytes 
30 ttt File 1773975414 2017-04-08 10:55:47 0 Bytes 
31 name1 File 1766632624 2017-04-08 11:15:08 0 Bytes 
32 name10 File 1765375790 2017-04-08 11:15:08 0 Bytes 
33 name11 File 1766225423 2017-04-08 11:15:08 0 Bytes 
34 name12 File 1766283843 2017-04-08 11:15:08 0 Bytes 
35 name13 File 1766515798 2017-04-08 11:15:08 0 Bytes 
36 name14 File 1766721448 2017-04-08 11:15:08 0 Bytes 
37 name15 File 1764614756 2017-04-08 11:15:08 0 Bytes 
38 name16 File 1766320993 2017-04-08 11:15:08 0 Bytes 
39 name17 File 1765367845 2017-04-08 11:15:08 0 Bytes 
40 name18 File 1765879465 2017-04-08 11:15:08 0 Bytes 
41 name19 File 1764936207 2017-04-08 11:15:08 0 Bytes 
42 name2 File 1766850049 2017-04-08 11:15:08 0 Bytes 
43 name20 File 1766605086 2017-04-08 11:15:08 0 Bytes 
44 name3 File 1764953493 2017-04-08 11:15:08 0 Bytes 
45 name4 File 1766705999 2017-04-08 11:15:08 0 Bytes 
46 name5 File 1766152687 2017-04-08 11:15:08 0 Bytes 
47 name6 File 1764935804 2017-04-08 11:15:08 0 Bytes 
48 name7 File 1766855259 2017-04-08 11:15:08 0 Bytes 
49 name8 File 1765614853 2017-04-08 11:15:08 0 Bytes 
50 name9 File 1766798803 2017-04-08 11:15:08 0 Bytes 

INFO:root:1 rr File 1776720285 2017-04-07 21:59:27 0 Bytes 
2 12345 File 1767130092 2017-04-07 23:30:43 6 Bytes 
3 123 File 1777403788 2017-04-08 01:23:53 0 Bytes 
4 o File 1766685590 2017-04-08 02:20:08 0 Bytes 
5 po File 1775319037 2017-04-08 02:20:42 0 Bytes 
6 b File 1765293494 2017-04-08 02:21:11 0 Bytes 
7 j File 1761073965 2017-04-08 02:23:12 0 Bytes 
8 qwe File 1772045430 2017-04-08 02:24:15 0 Bytes 
9 m File 1775475953 2017-04-08 02:24:48 0 Bytes 
10 wsx File 1778199549 2017-04-08 02:25:56 0 Bytes 
11 222 File 1776922586 2017-04-08 07:32:26 0 Bytes 
12 zzz File 1774903645 2017-04-08 07:47:13 0 Bytes 
13 w File 1763160571 2017-04-08 07:47:55 0 Bytes 
14 v File 1763039118 2017-04-08 07:48:46 0 Bytes 
15 f File 1769607091 2017-04-08 08:00:28 0 Bytes 
16 j File 1771467711 2017-04-08 08:01:21 0 Bytes 
17 i File 1762022221 2017-04-08 08:01:43 0 Bytes 
18 v File 1765925398 2017-04-08 08:03:54 0 Bytes 
19 kk File 1767616305 2017-04-08 08:05:19 0 Bytes 
20 m File 1765234406 2017-04-08 08:07:29 0 Bytes 
21 cc File 1769337437 2017-04-08 08:08:25 0 Bytes 
22 dima File 1772748716 2017-04-08 08:08:50 0 Bytes 
23 123 File 1773666410 2017-04-08 08:11:14 0 Bytes 
24 mm File 1770219891 2017-04-08 08:13:31 0 Bytes 
25 vbv File 1762551303 2017-04-08 08:17:05 0 Bytes 
26 ww File 1768128836 2017-04-08 08:20:48 0 Bytes 
27 mom File 1770998073 2017-04-08 08:52:39 0 Bytes 
28 kok File 1761781741 2017-04-08 08:53:17 0 Bytes 
29 iii File 1763155360 2017-04-08 10:41:58 0 Bytes 
30 ttt File 1773975414 2017-04-08 10:55:47 0 Bytes 
31 name1 File 1766632624 2017-04-08 11:15:08 0 Bytes 
32 name10 File 1765375790 2017-04-08 11:15:08 0 Bytes 
33 name11 File 1766225423 2017-04-08 11:15:08 0 Bytes 
34 name12 File 1766283843 2017-04-08 11:15:08 0 Bytes 
35 name13 File 1766515798 2017-04-08 11:15:08 0 Bytes 
36 name14 File 1766721448 2017-04-08 11:15:08 0 Bytes 
37 name15 File 1764614756 2017-04-08 11:15:08 0 Bytes 
38 name16 File 1766320993 2017-04-08 11:15:08 0 Bytes 
39 name17 File 1765367845 2017-04-08 11:15:08 0 Bytes 
40 name18 File 1765879465 2017-04-08 11:15:08 0 Bytes 
41 name19 File 1764936207 2017-04-08 11:15:08 0 Bytes 
42 name2 File 1766850049 2017-04-08 11:15:08 0 Bytes 
43 name20 File 1766605086 2017-04-08 11:15:08 0 Bytes 
44 name3 File 1764953493 2017-04-08 11:15:08 0 Bytes 
45 name4 File 1766705999 2017-04-08 11:15:08 0 Bytes 
46 name5 File 1766152687 2017-04-08 11:15:08 0 Bytes 
47 name6 File 1764935804 2017-04-08 11:15:08 0 Bytes 
48 name7 File 1766855259 2017-04-08 11:15:08 0 Bytes 
49 name8 File 1765614853 2017-04-08 11:15:08 0 Bytes 

INFO:root:1 rr File 1776720285 2017-04-07 21:59:27 0 Bytes 
2 12345 File 1767130092 2017-04-07 23:30:43 6 Bytes 
3 123 File 1777403788 2017-04-08 01:23:53 0 Bytes 
4 o File 1766685590 2017-04-08 02:20:08 0 Bytes 
5 po File 1775319037 2017-04-08 02:20:42 0 Bytes 
6 b File 1765293494 2017-04-08 02:21:11 0 Bytes 
7 j File 1761073965 2017-04-08 02:23:12 0 Bytes 
8 qwe File 1772045430 2017-04-08 02:24:15 0 Bytes 
9 m File 1775475953 2017-04-08 02:24:48 0 Bytes 
10 wsx File 1778199549 2017-04-08 02:25:56 0 Bytes 
11 222 File 1776922586 2017-04-08 07:32:26 0 Bytes 
12 zzz File 1774903645 2017-04-08 07:47:13 0 Bytes 
13 w File 1763160571 2017-04-08 07:47:55 0 Bytes 
14 v File 1763039118 2017-04-08 07:48:46 0 Bytes 
15 f File 1769607091 2017-04-08 08:00:28 0 Bytes 
16 j File 1771467711 2017-04-08 08:01:21 0 Bytes 
17 i File 1762022221 2017-04-08 08:01:43 0 Bytes 
18 v File 1765925398 2017-04-08 08:03:54 0 Bytes 
19 kk File 1767616305 2017-04-08 08:05:19 0 Bytes 
20 m File 1765234406 2017-04-08 08:07:29 0 Bytes 
21 cc File 1769337437 2017-04-08 08:08:25 0 Bytes 
22 dima File 1772748716 2017-04-08 08:08:50 0 Bytes 
23 123 File 1773666410 2017-04-08 08:11:14 0 Bytes 
24 mm File 1770219891 2017-04-08 08:13:31 0 Bytes 
25 vbv File 1762551303 2017-04-08 08:17:05 0 Bytes 
26 ww File 1768128836 2017-04-08 08:20:48 0 Bytes 
27 mom File 1770998073 2017-04-08 08:52:39 0 Bytes 
28 kok File 1761781741 2017-04-08 08:53:17 0 Bytes 
29 iii File 1763155360 2017-04-08 10:41:58 0 Bytes 
30 ttt File 1773975414 2017-04-08 10:55:47 0 Bytes 
31 name1 File 1766632624 2017-04-08 11:15:08 0 Bytes 
32 name10 File 1765375790 2017-04-08 11:15:08 0 Bytes 
33 name11 File 1766225423 2017-04-08 11:15:08 0 Bytes 
34 name12 File 1766283843 2017-04-08 11:15:08 0 Bytes 
35 name13 File 1766515798 2017-04-08 11:15:08 0 Bytes 
36 name14 File 1766721448 2017-04-08 11:15:08 0 Bytes 
37 name15 File 1764614756 2017-04-08 11:15:08 0 Bytes 
38 name16 File 1766320993 2017-04-08 11:15:08 0 Bytes 
39 name17 File 1765367845 2017-04-08 11:15:08 0 Bytes 
40 name18 File 1765879465 2017-04-08 11:15:08 0 Bytes 
41 name19 File 1764936207 2017-04-08 11:15:08 0 Bytes 
42 name2 File 1766850049 2017-04-08 11:15:08 0 Bytes 
43 name20 File 1766605086 2017-04-08 11:15:08 0 Bytes 
44 name4 File 1766705999 2017-04-08 11:15:08 0 Bytes 
45 name5 File 1766152687 2017-04-08 11:15:08 0 Bytes 
46 name6 File 1764935804 2017-04-08 11:15:08 0 Bytes 
47 name7 File 1766855259 2017-04-08 11:15:08 0 Bytes 
48 name8 File 1765614853 2017-04-08 11:15:08 0 Bytes 

INFO:root:Recoveringname8from bin
INFO:root:Removing 55 to trash
INFO:root:Removing 44 to trash
INFO:root:These files are staying in the bin > 09 month 09 days 04 hours 46 minutes 39 seconds
INFO:root:[]
INFO:root:Delete them?
INFO:root:Removing 77 to trash
INFO:root:These files are staying in the bin > 09 month 09 days 04 hours 46 minutes 39 seconds
INFO:root:[]
INFO:root:Delete them?
INFO:root:1 rr File 1776720285 2017-04-07 21:59:27 0 Bytes 
2 12345 File 1767130092 2017-04-07 23:30:43 6 Bytes 
3 123 File 1777403788 2017-04-08 01:23:53 0 Bytes 
4 o File 1766685590 2017-04-08 02:20:08 0 Bytes 
5 po File 1775319037 2017-04-08 02:20:42 0 Bytes 
6 b File 1765293494 2017-04-08 02:21:11 0 Bytes 
7 j File 1761073965 2017-04-08 02:23:12 0 Bytes 
8 qwe File 1772045430 2017-04-08 02:24:15 0 Bytes 
9 m File 1775475953 2017-04-08 02:24:48 0 Bytes 
10 wsx File 1778199549 2017-04-08 02:25:56 0 Bytes 
11 222 File 1776922586 2017-04-08 07:32:26 0 Bytes 
12 zzz File 1774903645 2017-04-08 07:47:13 0 Bytes 
13 w File 1763160571 2017-04-08 07:47:55 0 Bytes 
14 v File 1763039118 2017-04-08 07:48:46 0 Bytes 
15 f File 1769607091 2017-04-08 08:00:28 0 Bytes 
16 j File 1771467711 2017-04-08 08:01:21 0 Bytes 
17 i File 1762022221 2017-04-08 08:01:43 0 Bytes 
18 v File 1765925398 2017-04-08 08:03:54 0 Bytes 
19 kk File 1767616305 2017-04-08 08:05:19 0 Bytes 
20 m File 1765234406 2017-04-08 08:07:29 0 Bytes 
21 cc File 1769337437 2017-04-08 08:08:25 0 Bytes 
22 dima File 1772748716 2017-04-08 08:08:50 0 Bytes 
23 123 File 1773666410 2017-04-08 08:11:14 0 Bytes 
24 mm File 1770219891 2017-04-08 08:13:31 0 Bytes 
25 vbv File 1762551303 2017-04-08 08:17:05 0 Bytes 
26 ww File 1768128836 2017-04-08 08:20:48 0 Bytes 
27 mom File 1770998073 2017-04-08 08:52:39 0 Bytes 
28 kok File 1761781741 2017-04-08 08:53:17 0 Bytes 
29 iii File 1763155360 2017-04-08 10:41:58 0 Bytes 
30 ttt File 1773975414 2017-04-08 10:55:47 0 Bytes 
31 name1 File 1766632624 2017-04-08 11:15:08 0 Bytes 
32 name10 File 1765375790 2017-04-08 11:15:08 0 Bytes 
33 name11 File 1766225423 2017-04-08 11:15:08 0 Bytes 
34 name12 File 1766283843 2017-04-08 11:15:08 0 Bytes 
35 name13 File 1766515798 2017-04-08 11:15:08 0 Bytes 
36 name14 File 1766721448 2017-04-08 11:15:08 0 Bytes 
37 name15 File 1764614756 2017-04-08 11:15:08 0 Bytes 
38 name16 File 1766320993 2017-04-08 11:15:08 0 Bytes 
39 name17 File 1765367845 2017-04-08 11:15:08 0 Bytes 
40 name18 File 1765879465 2017-04-08 11:15:08 0 Bytes 
41 name19 File 1764936207 2017-04-08 11:15:08 0 Bytes 
42 name2 File 1766850049 2017-04-08 11:15:08 0 Bytes 
43 name20 File 1766605086 2017-04-08 11:15:08 0 Bytes 
44 name4 File 1766705999 2017-04-08 11:15:08 0 Bytes 
45 name5 File 1766152687 2017-04-08 11:15:08 0 Bytes 
46 name6 File 1764935804 2017-04-08 11:15:08 0 Bytes 
47 name7 File 1766855259 2017-04-08 11:15:08 0 Bytes 
48 55 File 1765826950 2017-04-08 12:38:11 0 Bytes 
49 44 File 1773562187 2017-04-08 12:39:28 0 Bytes 
50 77 File 1769481962 2017-04-08 12:39:55 0 Bytes 

INFO:root:1 rr File 1776720285 2017-04-07 21:59:27 0 Bytes 
2 12345 File 1767130092 2017-04-07 23:30:43 6 Bytes 
3 123 File 1777403788 2017-04-08 01:23:53 0 Bytes 
4 o File 1766685590 2017-04-08 02:20:08 0 Bytes 
5 po File 1775319037 2017-04-08 02:20:42 0 Bytes 
6 b File 1765293494 2017-04-08 02:21:11 0 Bytes 
7 j File 1761073965 2017-04-08 02:23:12 0 Bytes 
8 qwe File 1772045430 2017-04-08 02:24:15 0 Bytes 
9 m File 1775475953 2017-04-08 02:24:48 0 Bytes 
10 wsx File 1778199549 2017-04-08 02:25:56 0 Bytes 
11 222 File 1776922586 2017-04-08 07:32:26 0 Bytes 
12 zzz File 1774903645 2017-04-08 07:47:13 0 Bytes 
13 w File 1763160571 2017-04-08 07:47:55 0 Bytes 
14 v File 1763039118 2017-04-08 07:48:46 0 Bytes 
15 f File 1769607091 2017-04-08 08:00:28 0 Bytes 
16 j File 1771467711 2017-04-08 08:01:21 0 Bytes 
17 i File 1762022221 2017-04-08 08:01:43 0 Bytes 
18 v File 1765925398 2017-04-08 08:03:54 0 Bytes 
19 kk File 1767616305 2017-04-08 08:05:19 0 Bytes 
20 m File 1765234406 2017-04-08 08:07:29 0 Bytes 
21 cc File 1769337437 2017-04-08 08:08:25 0 Bytes 
22 dima File 1772748716 2017-04-08 08:08:50 0 Bytes 
23 123 File 1773666410 2017-04-08 08:11:14 0 Bytes 
24 mm File 1770219891 2017-04-08 08:13:31 0 Bytes 
25 vbv File 1762551303 2017-04-08 08:17:05 0 Bytes 
26 ww File 1768128836 2017-04-08 08:20:48 0 Bytes 
27 mom File 1770998073 2017-04-08 08:52:39 0 Bytes 
28 kok File 1761781741 2017-04-08 08:53:17 0 Bytes 
29 iii File 1763155360 2017-04-08 10:41:58 0 Bytes 
30 ttt File 1773975414 2017-04-08 10:55:47 0 Bytes 
31 name1 File 1766632624 2017-04-08 11:15:08 0 Bytes 
32 name10 File 1765375790 2017-04-08 11:15:08 0 Bytes 
33 name11 File 1766225423 2017-04-08 11:15:08 0 Bytes 
34 name12 File 1766283843 2017-04-08 11:15:08 0 Bytes 
35 name13 File 1766515798 2017-04-08 11:15:08 0 Bytes 
36 name14 File 1766721448 2017-04-08 11:15:08 0 Bytes 
37 name15 File 1764614756 2017-04-08 11:15:08 0 Bytes 
38 name16 File 1766320993 2017-04-08 11:15:08 0 Bytes 
39 name17 File 1765367845 2017-04-08 11:15:08 0 Bytes 
40 name18 File 1765879465 2017-04-08 11:15:08 0 Bytes 
41 name19 File 1764936207 2017-04-08 11:15:08 0 Bytes 
42 name2 File 1766850049 2017-04-08 11:15:08 0 Bytes 
43 name20 File 1766605086 2017-04-08 11:15:08 0 Bytes 
44 name4 File 1766705999 2017-04-08 11:15:08 0 Bytes 
45 name5 File 1766152687 2017-04-08 11:15:08 0 Bytes 
46 name6 File 1764935804 2017-04-08 11:15:08 0 Bytes 
47 name7 File 1766855259 2017-04-08 11:15:08 0 Bytes 
48 55 File 1765826950 2017-04-08 12:38:11 0 Bytes 
49 44 File 1773562187 2017-04-08 12:39:28 0 Bytes 
50 77 File 1769481962 2017-04-08 12:39:55 0 Bytes 

INFO:root:1 rr File 1776720285 2017-04-07 21:59:27 0 Bytes 
2 12345 File 1767130092 2017-04-07 23:30:43 6 Bytes 
3 123 File 1777403788 2017-04-08 01:23:53 0 Bytes 
4 o File 1766685590 2017-04-08 02:20:08 0 Bytes 
5 po File 1775319037 2017-04-08 02:20:42 0 Bytes 
6 b File 1765293494 2017-04-08 02:21:11 0 Bytes 
7 j File 1761073965 2017-04-08 02:23:12 0 Bytes 
8 qwe File 1772045430 2017-04-08 02:24:15 0 Bytes 
9 m File 1775475953 2017-04-08 02:24:48 0 Bytes 
10 wsx File 1778199549 2017-04-08 02:25:56 0 Bytes 
11 222 File 1776922586 2017-04-08 07:32:26 0 Bytes 
12 zzz File 1774903645 2017-04-08 07:47:13 0 Bytes 
13 w File 1763160571 2017-04-08 07:47:55 0 Bytes 
14 v File 1763039118 2017-04-08 07:48:46 0 Bytes 
15 f File 1769607091 2017-04-08 08:00:28 0 Bytes 
16 j File 1771467711 2017-04-08 08:01:21 0 Bytes 
17 i File 1762022221 2017-04-08 08:01:43 0 Bytes 
18 v File 1765925398 2017-04-08 08:03:54 0 Bytes 
19 kk File 1767616305 2017-04-08 08:05:19 0 Bytes 
20 m File 1765234406 2017-04-08 08:07:29 0 Bytes 
21 cc File 1769337437 2017-04-08 08:08:25 0 Bytes 
22 dima File 1772748716 2017-04-08 08:08:50 0 Bytes 
23 123 File 1773666410 2017-04-08 08:11:14 0 Bytes 
24 mm File 1770219891 2017-04-08 08:13:31 0 Bytes 
25 vbv File 1762551303 2017-04-08 08:17:05 0 Bytes 
26 ww File 1768128836 2017-04-08 08:20:48 0 Bytes 
27 mom File 1770998073 2017-04-08 08:52:39 0 Bytes 
28 kok File 1761781741 2017-04-08 08:53:17 0 Bytes 
29 iii File 1763155360 2017-04-08 10:41:58 0 Bytes 
30 ttt File 1773975414 2017-04-08 10:55:47 0 Bytes 
31 name1 File 1766632624 2017-04-08 11:15:08 0 Bytes 
32 name10 File 1765375790 2017-04-08 11:15:08 0 Bytes 
33 name11 File 1766225423 2017-04-08 11:15:08 0 Bytes 
34 name12 File 1766283843 2017-04-08 11:15:08 0 Bytes 
35 name13 File 1766515798 2017-04-08 11:15:08 0 Bytes 
36 name14 File 1766721448 2017-04-08 11:15:08 0 Bytes 
37 name15 File 1764614756 2017-04-08 11:15:08 0 Bytes 
38 name16 File 1766320993 2017-04-08 11:15:08 0 Bytes 
39 name17 File 1765367845 2017-04-08 11:15:08 0 Bytes 
40 name18 File 1765879465 2017-04-08 11:15:08 0 Bytes 
41 name19 File 1764936207 2017-04-08 11:15:08 0 Bytes 
42 name2 File 1766850049 2017-04-08 11:15:08 0 Bytes 
43 name20 File 1766605086 2017-04-08 11:15:08 0 Bytes 
44 name4 File 1766705999 2017-04-08 11:15:08 0 Bytes 
45 name5 File 1766152687 2017-04-08 11:15:08 0 Bytes 
46 name6 File 1764935804 2017-04-08 11:15:08 0 Bytes 
47 name7 File 1766855259 2017-04-08 11:15:08 0 Bytes 
48 55 File 1765826950 2017-04-08 12:38:11 0 Bytes 
49 44 File 1773562187 2017-04-08 12:39:28 0 Bytes 
50 77 File 1769481962 2017-04-08 12:39:55 0 Bytes 

